2025-03-07 07:27:46 - ai_review - INFO - Starting dashboard server on http://localhost:5000
2025-03-07 07:32:51 - ai_review - INFO - Starting dashboard server on http://0.0.0.0:5050
2025-03-07 07:32:51 - ai_review - INFO - Starting dashboard server on http://0.0.0.0:5050
2025-03-07 07:57:13 - ai_review - INFO - Starting dashboard server on http://0.0.0.0:5050
2025-03-07 07:57:13 - ai_review - INFO - Starting dashboard server on http://0.0.0.0:5050
2025-03-07 08:13:32 - ai_review - INFO - Starting dashboard server on http://0.0.0.0:5050
2025-03-07 08:14:03 - ai_review - INFO - Starting dashboard server on http://0.0.0.0:5050
2025-03-07 08:15:19 - ai_review - ERROR - Error listing projects: 'list' object has no attribute 'items'
2025-03-07 08:15:36 - ai_review - ERROR - Error listing projects: 'list' object has no attribute 'items'
2025-03-07 09:23:09 - ai_review - INFO - Starting dashboard server on http://0.0.0.0:5050
2025-03-07 09:23:29 - ai_review - INFO - Starting dashboard server on http://0.0.0.0:5050
2025-03-07 09:25:22 - ai_review - ERROR - Error listing projects: 'list' object has no attribute 'items'
2025-03-07 09:50:45 - ai_review - INFO - Starting dashboard server on http://0.0.0.0:5050
2025-03-07 09:51:06 - ai_review - INFO - Starting dashboard server on http://0.0.0.0:5050
2025-03-07 10:40:36 - ai_review - INFO - Starting dashboard server on http://0.0.0.0:5050
2025-03-07 10:40:59 - ai_review - INFO - Starting dashboard server on http://0.0.0.0:5050
2025-03-07 11:16:40 - ai_review - WARNING - Invalid project path for ProjectA: /var/folders/rp/8kvzw9q55f91t6hs2rtwmfvm0000gn/T/tmpz8b6jgsf/ProjectA
2025-03-07 11:16:40 - ai_review - WARNING - Invalid project path for ProjectB: /var/folders/rp/8kvzw9q55f91t6hs2rtwmfvm0000gn/T/tmpz8b6jgsf/ProjectB
2025-03-07 11:16:50 - ai_review - WARNING - Invalid project path for ProjectA: /var/folders/rp/8kvzw9q55f91t6hs2rtwmfvm0000gn/T/tmpz8b6jgsf/ProjectA
2025-03-07 11:16:50 - ai_review - WARNING - Invalid project path for ProjectB: /var/folders/rp/8kvzw9q55f91t6hs2rtwmfvm0000gn/T/tmpz8b6jgsf/ProjectB
2025-03-07 11:16:56 - ai_review - WARNING - Invalid project path for ProjectA: /var/folders/rp/8kvzw9q55f91t6hs2rtwmfvm0000gn/T/tmpz8b6jgsf/ProjectA
2025-03-07 11:16:56 - ai_review - WARNING - Invalid project path for ProjectB: /var/folders/rp/8kvzw9q55f91t6hs2rtwmfvm0000gn/T/tmpz8b6jgsf/ProjectB
2025-03-07 11:17:06 - ai_review - INFO - Starting dashboard server on http://0.0.0.0:5050
2025-03-07 11:17:07 - ai_review - INFO - Starting dashboard server on http://0.0.0.0:5050
2025-03-07 11:17:13 - ai_review - WARNING - Invalid project path for ProjectA: /var/folders/rp/8kvzw9q55f91t6hs2rtwmfvm0000gn/T/tmpz8b6jgsf/ProjectA
2025-03-07 11:17:13 - ai_review - WARNING - Invalid project path for ProjectB: /var/folders/rp/8kvzw9q55f91t6hs2rtwmfvm0000gn/T/tmpz8b6jgsf/ProjectB
2025-03-07 11:17:16 - ai_review - WARNING - Invalid project path for ProjectA: /var/folders/rp/8kvzw9q55f91t6hs2rtwmfvm0000gn/T/tmpz8b6jgsf/ProjectA
2025-03-07 11:17:16 - ai_review - WARNING - Invalid project path for ProjectB: /var/folders/rp/8kvzw9q55f91t6hs2rtwmfvm0000gn/T/tmpz8b6jgsf/ProjectB
2025-03-07 12:28:38 - ai_review - INFO - Starting dashboard server on http://0.0.0.0:5050
2025-03-07 12:29:07 - ai_review - INFO - Starting dashboard server on http://0.0.0.0:5050
2025-03-07 13:07:51 - ai_review - WARNING - Project ProjectA path does not exist: /var/folders/rp/8kvzw9q55f91t6hs2rtwmfvm0000gn/T/tmpz8b6jgsf/ProjectA
2025-03-07 13:07:51 - ai_review - WARNING - Project ProjectB path does not exist: /var/folders/rp/8kvzw9q55f91t6hs2rtwmfvm0000gn/T/tmpz8b6jgsf/ProjectB
2025-03-07 13:08:07 - ai_review - WARNING - Project ProjectA path does not exist: /var/folders/rp/8kvzw9q55f91t6hs2rtwmfvm0000gn/T/tmpz8b6jgsf/ProjectA
2025-03-07 13:08:07 - ai_review - WARNING - Project ProjectB path does not exist: /var/folders/rp/8kvzw9q55f91t6hs2rtwmfvm0000gn/T/tmpz8b6jgsf/ProjectB
2025-03-07 13:08:54 - ai_review - INFO - Starting dashboard server on http://0.0.0.0:5050
2025-03-07 13:08:54 - ai_review - INFO - Starting dashboard server on http://0.0.0.0:5050
2025-03-07 13:08:56 - ai_review - WARNING - Project ProjectA path does not exist: /var/folders/rp/8kvzw9q55f91t6hs2rtwmfvm0000gn/T/tmpz8b6jgsf/ProjectA
2025-03-07 13:08:56 - ai_review - WARNING - Project ProjectB path does not exist: /var/folders/rp/8kvzw9q55f91t6hs2rtwmfvm0000gn/T/tmpz8b6jgsf/ProjectB
2025-03-07 16:13:15 - ai_review - INFO - Starting dashboard server on http://0.0.0.0:5050
2025-03-07 16:13:15 - ai_review - INFO - Starting dashboard server on http://0.0.0.0:5050
2025-03-07 16:13:22 - ai_review - WARNING - Project ProjectA path does not exist: /var/folders/rp/8kvzw9q55f91t6hs2rtwmfvm0000gn/T/tmpz8b6jgsf/ProjectA
2025-03-07 16:13:22 - ai_review - WARNING - Project ProjectB path does not exist: /var/folders/rp/8kvzw9q55f91t6hs2rtwmfvm0000gn/T/tmpz8b6jgsf/ProjectB
2025-03-07 16:20:46 - ai_review - INFO - Starting dashboard server on http://0.0.0.0:5050
2025-03-07 16:21:06 - ai_review - INFO - Starting dashboard server on http://0.0.0.0:5050
2025-03-07 16:26:37 - ai_review - WARNING - Project ProjectA path does not exist: /var/folders/rp/8kvzw9q55f91t6hs2rtwmfvm0000gn/T/tmpz8b6jgsf/ProjectA
2025-03-07 16:26:37 - ai_review - WARNING - Project ProjectB path does not exist: /var/folders/rp/8kvzw9q55f91t6hs2rtwmfvm0000gn/T/tmpz8b6jgsf/ProjectB
2025-03-07 16:26:57 - ai_review - WARNING - Project ProjectA path does not exist: /var/folders/rp/8kvzw9q55f91t6hs2rtwmfvm0000gn/T/tmpz8b6jgsf/ProjectA
2025-03-07 16:26:57 - ai_review - WARNING - Project ProjectB path does not exist: /var/folders/rp/8kvzw9q55f91t6hs2rtwmfvm0000gn/T/tmpz8b6jgsf/ProjectB
2025-03-07 16:27:13 - ai_review - INFO - Starting dashboard server on http://0.0.0.0:5050
2025-03-07 16:27:13 - ai_review - INFO - Starting dashboard server on http://0.0.0.0:5050
2025-03-07 16:27:15 - ai_review - WARNING - Project ProjectA path does not exist: /var/folders/rp/8kvzw9q55f91t6hs2rtwmfvm0000gn/T/tmpz8b6jgsf/ProjectA
2025-03-07 16:27:15 - ai_review - WARNING - Project ProjectB path does not exist: /var/folders/rp/8kvzw9q55f91t6hs2rtwmfvm0000gn/T/tmpz8b6jgsf/ProjectB
2025-03-07 16:29:26 - ai_review - INFO - Starting dashboard server on http://0.0.0.0:5050
2025-03-07 16:29:48 - ai_review - INFO - Starting dashboard server on http://0.0.0.0:5050
2025-03-07 16:31:04 - ai_review - WARNING - Project ProjectA path does not exist: /var/folders/rp/8kvzw9q55f91t6hs2rtwmfvm0000gn/T/tmpz8b6jgsf/ProjectA
2025-03-07 16:31:04 - ai_review - WARNING - Project ProjectB path does not exist: /var/folders/rp/8kvzw9q55f91t6hs2rtwmfvm0000gn/T/tmpz8b6jgsf/ProjectB
2025-03-07 16:31:17 - ai_review - INFO - Starting dashboard server on http://0.0.0.0:5050
2025-03-07 16:31:17 - ai_review - INFO - Starting dashboard server on http://0.0.0.0:5050
2025-03-07 16:31:23 - ai_review - WARNING - Project ProjectA path does not exist: /var/folders/rp/8kvzw9q55f91t6hs2rtwmfvm0000gn/T/tmpz8b6jgsf/ProjectA
2025-03-07 16:31:23 - ai_review - WARNING - Project ProjectB path does not exist: /var/folders/rp/8kvzw9q55f91t6hs2rtwmfvm0000gn/T/tmpz8b6jgsf/ProjectB
2025-03-07 16:31:35 - ai_review - WARNING - Project ProjectA path does not exist: /var/folders/rp/8kvzw9q55f91t6hs2rtwmfvm0000gn/T/tmpz8b6jgsf/ProjectA
2025-03-07 16:31:35 - ai_review - WARNING - Project ProjectB path does not exist: /var/folders/rp/8kvzw9q55f91t6hs2rtwmfvm0000gn/T/tmpz8b6jgsf/ProjectB
2025-03-07 16:31:46 - ai_review - WARNING - Project ProjectA path does not exist: /var/folders/rp/8kvzw9q55f91t6hs2rtwmfvm0000gn/T/tmpz8b6jgsf/ProjectA
2025-03-07 16:31:46 - ai_review - WARNING - Project ProjectB path does not exist: /var/folders/rp/8kvzw9q55f91t6hs2rtwmfvm0000gn/T/tmpz8b6jgsf/ProjectB
2025-03-07 16:31:47 - ai_review - WARNING - Project ProjectA path does not exist: /var/folders/rp/8kvzw9q55f91t6hs2rtwmfvm0000gn/T/tmpz8b6jgsf/ProjectA
2025-03-07 16:31:47 - ai_review - WARNING - Project ProjectB path does not exist: /var/folders/rp/8kvzw9q55f91t6hs2rtwmfvm0000gn/T/tmpz8b6jgsf/ProjectB
2025-03-07 16:31:52 - ai_review - WARNING - Project ProjectA path does not exist: /var/folders/rp/8kvzw9q55f91t6hs2rtwmfvm0000gn/T/tmpz8b6jgsf/ProjectA
2025-03-07 16:31:52 - ai_review - WARNING - Project ProjectB path does not exist: /var/folders/rp/8kvzw9q55f91t6hs2rtwmfvm0000gn/T/tmpz8b6jgsf/ProjectB
2025-03-07 16:32:49 - ai_review - WARNING - Logs directory not found for project ProjectA: /Users/ali/Dropbox/Pircle.US PPP/_GitHub/kalkal-tool/ai_code_review/logs/ProjectA
2025-03-07 16:32:50 - ai_review - WARNING - Logs directory not found for project ProjectB: /Users/ali/Dropbox/Pircle.US PPP/_GitHub/kalkal-tool/ai_code_review/logs/ProjectB
2025-03-07 16:32:52 - ai_review - WARNING - Logs directory not found for project sport-management: /Users/ali/Dropbox/Pircle.US PPP/_GitHub/kalkal-tool/ai_code_review/logs/sport-management
2025-03-07 16:32:53 - ai_review - WARNING - Project ProjectA path does not exist: /var/folders/rp/8kvzw9q55f91t6hs2rtwmfvm0000gn/T/tmpz8b6jgsf/ProjectA
2025-03-07 16:32:53 - ai_review - WARNING - Project ProjectB path does not exist: /var/folders/rp/8kvzw9q55f91t6hs2rtwmfvm0000gn/T/tmpz8b6jgsf/ProjectB
2025-03-07 16:32:56 - ai_review - WARNING - Logs directory not found for project sport-management: /Users/ali/Dropbox/Pircle.US PPP/_GitHub/kalkal-tool/ai_code_review/logs/sport-management
2025-03-07 16:33:37 - ai_review.config_manager - WARNING - Missing last_review for project ProjectA, adding default
2025-03-07 16:33:37 - ai_review.config_manager - WARNING - Missing last_review for project ProjectB, adding default
2025-03-07 16:33:37 - ai_review.config_manager - WARNING - Missing last_review for project sport-management, adding default
2025-03-07 16:33:38 - ai_review - INFO - Starting dashboard server on http://0.0.0.0:5050
2025-03-07 16:34:14 - ai_review - INFO - Starting dashboard server on http://0.0.0.0:5050
2025-03-07 16:35:35 - ai_review - WARNING - Project ProjectA path does not exist: /var/folders/rp/8kvzw9q55f91t6hs2rtwmfvm0000gn/T/tmpz8b6jgsf/ProjectA
2025-03-07 16:35:35 - ai_review - WARNING - Project ProjectB path does not exist: /var/folders/rp/8kvzw9q55f91t6hs2rtwmfvm0000gn/T/tmpz8b6jgsf/ProjectB
2025-03-07 16:59:34 - ai_review - WARNING - Logs directory not found for project sport-management: /Users/ali/Dropbox/Pircle.US PPP/_GitHub/kalkal-tool/ai_code_review/logs/sport-management
2025-03-07 16:59:45 - ai_review - WARNING - Logs directory not found for project sport-management: /Users/ali/Dropbox/Pircle.US PPP/_GitHub/kalkal-tool/ai_code_review/logs/sport-management
2025-03-07 17:06:52 - ai_review - INFO - Starting dashboard server on http://0.0.0.0:5050
2025-03-07 17:08:37 - ai_review - WARNING - Logs directory not found for project sport-management: /Users/ali/Dropbox/Pircle.US PPP/_GitHub/kalkal-tool/ai_code_review/logs/sport-management
2025-03-07 17:09:39 - ai_review - INFO - Starting dashboard server on http://0.0.0.0:5050
2025-03-07 17:09:39 - ai_review - INFO - Starting dashboard server on http://0.0.0.0:5050
2025-03-07 19:16:24 - ai_review - INFO - Starting dashboard server on http://0.0.0.0:5050
2025-03-07 19:28:04 - ai_review.config_manager - INFO - Current project set to 'sport-management'
2025-03-07 20:17:07 - ai_review.config_manager - ERROR - Error adding project: module 'datetime' has no attribute 'now'
2025-03-07 20:17:57 - ai_review.config_manager - INFO - Added project 'kalkal-tool' at path '/Users/ali/Dropbox/Pircle.US PPP/_GitHub/kalkal-tool'
2025-03-07 20:17:57 - ai_review.config_manager - INFO - Current project set to 'kalkal-tool'
2025-03-07 20:17:57 - ai_review - INFO - Analyzing directory: .
2025-03-07 20:17:57 - ai_review - INFO - Analyzing directory: .
2025-03-07 20:17:57 - ai_review - INFO - Found standard project directories: tests
2025-03-07 20:17:57 - ai_review - INFO - Analyzing file: ./test_multi_project.py
2025-03-07 20:17:57 - ai_review - INFO - Analysis complete: 7 functions, 1 classes
2025-03-07 20:17:57 - ai_review - INFO - Analyzing file: ./test_directory_filtering.py
2025-03-07 20:17:57 - ai_review - INFO - Analysis complete: 7 functions, 1 classes
2025-03-07 20:17:57 - ai_review - INFO - Analyzing file: ./tests/__init__.py
2025-03-07 20:17:57 - ai_review - INFO - Analysis complete: 0 functions, 0 classes
2025-03-07 20:17:57 - ai_review - INFO - Analyzing file: ./tests/test_apply.py
2025-03-07 20:17:57 - ai_review - INFO - Analysis complete: 12 functions, 2 classes
2025-03-07 20:17:57 - ai_review - INFO - Analyzing file: ./tests/test_suite.py
2025-03-07 20:17:57 - ai_review - INFO - Analysis complete: 30 functions, 8 classes
2025-03-07 20:17:57 - ai_review - INFO - Analyzing file: ./tests/test_integration.py
2025-03-07 20:17:57 - ai_review - INFO - Analysis complete: 3 functions, 1 classes
2025-03-07 20:17:57 - ai_review - INFO - Analyzing file: ./tests/test_cli.py
2025-03-07 20:17:57 - ai_review - INFO - Analysis complete: 4 functions, 1 classes
2025-03-07 20:17:57 - ai_review - INFO - Analyzing file: ./tests/test_directory_filtering.py
2025-03-07 20:17:57 - ai_review - INFO - Analysis complete: 7 functions, 1 classes
2025-03-07 20:17:57 - ai_review - INFO - Excluded directories: __pycache__, ai_code_review, ai_review, ai_review.egg-info, logs, tests
2025-03-07 20:17:57 - ai_review - INFO - Analyzed 8 files in directory: .
2025-03-07 20:17:57 - ai_review - INFO - Skipped 15 files based on configuration filters
2025-03-07 20:17:57 - ai_review - ERROR - Error analyzing directory: 'list' object has no attribute 'items'
2025-03-07 20:17:57 - ai_review.config_manager - ERROR - Error updating project review timestamp: module 'datetime' has no attribute 'now'
2025-03-07 20:19:08 - ai_review.config_manager - INFO - Current project set to 'kalkal-tool'
2025-03-07 20:19:08 - ai_review - INFO - Analyzing directory: .
2025-03-07 20:19:08 - ai_review - INFO - Analyzing directory: .
2025-03-07 20:19:08 - ai_review - INFO - Found standard project directories: tests
2025-03-07 20:19:08 - ai_review - INFO - Analyzing file: ./test_multi_project.py
2025-03-07 20:19:08 - ai_review - INFO - Analysis complete: 7 functions, 1 classes
2025-03-07 20:19:08 - ai_review - INFO - Analyzing file: ./test_directory_filtering.py
2025-03-07 20:19:08 - ai_review - INFO - Analysis complete: 7 functions, 1 classes
2025-03-07 20:19:08 - ai_review - INFO - Analyzing file: ./tests/__init__.py
2025-03-07 20:19:08 - ai_review - INFO - Analysis complete: 0 functions, 0 classes
2025-03-07 20:19:08 - ai_review - INFO - Analyzing file: ./tests/test_apply.py
2025-03-07 20:19:08 - ai_review - INFO - Analysis complete: 12 functions, 2 classes
2025-03-07 20:19:08 - ai_review - INFO - Analyzing file: ./tests/test_suite.py
2025-03-07 20:19:08 - ai_review - INFO - Analysis complete: 30 functions, 8 classes
2025-03-07 20:19:08 - ai_review - INFO - Analyzing file: ./tests/test_integration.py
2025-03-07 20:19:08 - ai_review - INFO - Analysis complete: 3 functions, 1 classes
2025-03-07 20:19:08 - ai_review - INFO - Analyzing file: ./tests/test_cli.py
2025-03-07 20:19:08 - ai_review - INFO - Analysis complete: 4 functions, 1 classes
2025-03-07 20:19:08 - ai_review - INFO - Analyzing file: ./tests/test_directory_filtering.py
2025-03-07 20:19:08 - ai_review - INFO - Analysis complete: 7 functions, 1 classes
2025-03-07 20:19:08 - ai_review - INFO - Excluded directories: __pycache__, ai_code_review, ai_review, ai_review.egg-info, logs, tests
2025-03-07 20:19:08 - ai_review - INFO - Analyzed 8 files in directory: .
2025-03-07 20:19:08 - ai_review - INFO - Skipped 15 files based on configuration filters
2025-03-07 20:19:08 - ai_review - ERROR - Error analyzing directory: 1 validation error for FileReviewResult
details
  Input should be a valid string [type=string_type, input_value={'file_path': './test_mul...9, 'language': 'Python'}, input_type=dict]
    For further information visit https://errors.pydantic.dev/2.10/v/string_type
2025-03-07 20:19:08 - ai_review.config_manager - ERROR - Error updating project review timestamp: module 'datetime' has no attribute 'now'
2025-03-07 20:19:48 - ai_review.config_manager - INFO - Current project set to 'kalkal-tool'
2025-03-07 20:19:48 - ai_review - INFO - Analyzing directory: .
2025-03-07 20:19:48 - ai_review - INFO - Analyzing directory: .
2025-03-07 20:19:48 - ai_review - INFO - Found standard project directories: tests
2025-03-07 20:19:48 - ai_review - INFO - Analyzing file: ./test_multi_project.py
2025-03-07 20:19:48 - ai_review - INFO - Analysis complete: 7 functions, 1 classes
2025-03-07 20:19:48 - ai_review - INFO - Analyzing file: ./test_directory_filtering.py
2025-03-07 20:19:48 - ai_review - INFO - Analysis complete: 7 functions, 1 classes
2025-03-07 20:19:48 - ai_review - INFO - Analyzing file: ./tests/__init__.py
2025-03-07 20:19:48 - ai_review - INFO - Analysis complete: 0 functions, 0 classes
2025-03-07 20:19:48 - ai_review - INFO - Analyzing file: ./tests/test_apply.py
2025-03-07 20:19:48 - ai_review - INFO - Analysis complete: 12 functions, 2 classes
2025-03-07 20:19:48 - ai_review - INFO - Analyzing file: ./tests/test_suite.py
2025-03-07 20:19:48 - ai_review - INFO - Analysis complete: 30 functions, 8 classes
2025-03-07 20:19:48 - ai_review - INFO - Analyzing file: ./tests/test_integration.py
2025-03-07 20:19:48 - ai_review - INFO - Analysis complete: 3 functions, 1 classes
2025-03-07 20:19:48 - ai_review - INFO - Analyzing file: ./tests/test_cli.py
2025-03-07 20:19:48 - ai_review - INFO - Analysis complete: 4 functions, 1 classes
2025-03-07 20:19:48 - ai_review - INFO - Analyzing file: ./tests/test_directory_filtering.py
2025-03-07 20:19:48 - ai_review - INFO - Analysis complete: 7 functions, 1 classes
2025-03-07 20:19:48 - ai_review - INFO - Excluded directories: __pycache__, ai_code_review, ai_review, ai_review.egg-info, logs, tests
2025-03-07 20:19:48 - ai_review - INFO - Analyzed 8 files in directory: .
2025-03-07 20:19:48 - ai_review - INFO - Skipped 15 files based on configuration filters
2025-03-07 20:19:48 - ai_review - INFO - Results saved to /Users/ali/Dropbox/Pircle.US PPP/_GitHub/kalkal-tool/ai_code_review/logs/review_log.json
2025-03-07 20:19:48 - ai_review.config_manager - ERROR - Error updating project review timestamp: module 'datetime' has no attribute 'now'
2025-03-07 20:20:14 - ai_review.config_manager - INFO - Current project set to 'kalkal-tool'
2025-03-07 20:20:14 - ai_review - INFO - Analyzing directory: .
2025-03-07 20:20:14 - ai_review - INFO - Analyzing directory: .
2025-03-07 20:20:14 - ai_review - INFO - Found standard project directories: tests
2025-03-07 20:20:14 - ai_review - INFO - Analyzing file: ./test_multi_project.py
2025-03-07 20:20:14 - ai_review - INFO - Analysis complete: 7 functions, 1 classes
2025-03-07 20:20:14 - ai_review - INFO - Analyzing file: ./test_directory_filtering.py
2025-03-07 20:20:14 - ai_review - INFO - Analysis complete: 7 functions, 1 classes
2025-03-07 20:20:14 - ai_review - INFO - Analyzing file: ./tests/__init__.py
2025-03-07 20:20:14 - ai_review - INFO - Analysis complete: 0 functions, 0 classes
2025-03-07 20:20:14 - ai_review - INFO - Analyzing file: ./tests/test_apply.py
2025-03-07 20:20:14 - ai_review - INFO - Analysis complete: 12 functions, 2 classes
2025-03-07 20:20:14 - ai_review - INFO - Analyzing file: ./tests/test_suite.py
2025-03-07 20:20:14 - ai_review - INFO - Analysis complete: 30 functions, 8 classes
2025-03-07 20:20:14 - ai_review - INFO - Analyzing file: ./tests/test_integration.py
2025-03-07 20:20:14 - ai_review - INFO - Analysis complete: 3 functions, 1 classes
2025-03-07 20:20:14 - ai_review - INFO - Analyzing file: ./tests/test_cli.py
2025-03-07 20:20:14 - ai_review - INFO - Analysis complete: 4 functions, 1 classes
2025-03-07 20:20:14 - ai_review - INFO - Analyzing file: ./tests/test_directory_filtering.py
2025-03-07 20:20:14 - ai_review - INFO - Analysis complete: 7 functions, 1 classes
2025-03-07 20:20:14 - ai_review - INFO - Excluded directories: __pycache__, ai_code_review, ai_review, ai_review.egg-info, logs, tests
2025-03-07 20:20:14 - ai_review - INFO - Analyzed 8 files in directory: .
2025-03-07 20:20:14 - ai_review - INFO - Skipped 15 files based on configuration filters
2025-03-07 20:20:14 - ai_review - INFO - Results saved to /Users/ali/Dropbox/Pircle.US PPP/_GitHub/kalkal-tool/ai_code_review/logs/review_log.json
2025-03-07 20:20:14 - ai_review.config_manager - ERROR - Error updating project review timestamp: module 'datetime' has no attribute 'now'
2025-03-07 20:23:17 - ai_review.config_manager - INFO - Current project set to 'sport-management'
2025-03-07 20:23:17 - ai_review - INFO - Analyzing directory: .
2025-03-07 20:23:17 - ai_review - INFO - Analyzing directory: .
2025-03-07 20:23:17 - ai_review - INFO - Found standard project directories: src
2025-03-07 20:23:17 - ai_review - INFO - Analyzing file: ./next-env.d.ts
2025-03-07 20:23:17 - ai_review - INFO - Analysis complete: 0 functions, 0 classes
2025-03-07 20:23:17 - ai_review - INFO - Analyzing file: ./next.config.ts
2025-03-07 20:23:17 - ai_review - INFO - Analysis complete: 0 functions, 0 classes
2025-03-07 20:23:17 - ai_review - INFO - Analyzing file: ./src/app/layout.tsx
2025-03-07 20:23:17 - ai_review - INFO - Analysis complete: 2 functions, 0 classes
2025-03-07 20:23:17 - ai_review - INFO - Analyzing file: ./src/app/page.tsx
2025-03-07 20:23:17 - ai_review - INFO - Analysis complete: 2 functions, 0 classes
2025-03-07 20:23:17 - ai_review - INFO - Analyzing file: ./src/components/TeamList.tsx
2025-03-07 20:23:17 - ai_review - INFO - TypeScript types detected in ./src/components/TeamList.tsx
2025-03-07 20:23:17 - ai_review - INFO - Analysis complete: 3 functions, 1 classes
2025-03-07 20:23:17 - ai_review - INFO - Analyzing file: ./src/components/GameList.tsx
2025-03-07 20:23:17 - ai_review - INFO - TypeScript types detected in ./src/components/GameList.tsx
2025-03-07 20:23:17 - ai_review - INFO - Analysis complete: 6 functions, 2 classes
2025-03-07 20:23:17 - ai_review - INFO - Analyzing file: ./src/store/useStore.ts
2025-03-07 20:23:17 - ai_review - INFO - Zustand state management detected in ./src/store/useStore.ts
2025-03-07 20:23:17 - ai_review - INFO - TypeScript types detected in ./src/store/useStore.ts
2025-03-07 20:23:17 - ai_review - INFO - Analysis complete: 2 functions, 3 classes
2025-03-07 20:23:17 - ai_review - INFO - Excluded directories: .git, .next, logs, node_modules, src
2025-03-07 20:23:17 - ai_review - INFO - Analyzed 7 files in directory: .
2025-03-07 20:23:17 - ai_review - INFO - Skipped 6 files based on configuration filters
2025-03-07 20:23:17 - ai_review - INFO - Applying fixes...
2025-03-07 20:23:17 - ai_review - INFO - Fix results logged to /Users/ali/Dropbox/Pircle.US PPP/_GitHub/kalkal-tool/ai_code_review/logs/fix_log.json
2025-03-07 20:23:17 - ai_review - INFO - Results saved to /Users/ali/Dropbox/Pircle.US PPP/_GitHub/kalkal-tool/ai_code_review/logs/review_log.json
2025-03-07 20:23:17 - ai_review.config_manager - ERROR - Error updating project review timestamp: module 'datetime' has no attribute 'now'
2025-03-07 22:03:33 - ai_review - WARNING - Project ProjectA path does not exist: /var/folders/rp/8kvzw9q55f91t6hs2rtwmfvm0000gn/T/tmpz8b6jgsf/ProjectA
2025-03-07 22:03:33 - ai_review - WARNING - Project ProjectB path does not exist: /var/folders/rp/8kvzw9q55f91t6hs2rtwmfvm0000gn/T/tmpz8b6jgsf/ProjectB
2025-03-07 22:11:44 - ai_review - WARNING - Project ProjectA path does not exist: /var/folders/rp/8kvzw9q55f91t6hs2rtwmfvm0000gn/T/tmpz8b6jgsf/ProjectA
2025-03-07 22:11:44 - ai_review - WARNING - Project ProjectB path does not exist: /var/folders/rp/8kvzw9q55f91t6hs2rtwmfvm0000gn/T/tmpz8b6jgsf/ProjectB
