2025-03-06 00:05:18 - ai_review - INFO - Reviewing code at ai_review/interaction_logger.py
2025-03-06 00:05:18 - ai_review - INFO - Analyzing file: ai_review/interaction_logger.py
2025-03-06 00:05:18 - ai_review - INFO - Analyzing file: ai_review/interaction_logger.py
2025-03-06 00:05:18 - ai_review - INFO - Analysis complete: 6 functions, 1 classes
2025-03-06 00:15:36 - ai_review - INFO - Starting code review with the following settings:
2025-03-06 00:15:36 - ai_review - INFO -   Path: .
2025-03-06 00:15:36 - ai_review - INFO -   Complexity threshold: 5
2025-03-06 00:15:36 - ai_review - INFO -   AI-powered review: True
2025-03-06 00:15:36 - ai_review - INFO -   Apply fixes: False
2025-03-06 00:15:36 - ai_review - INFO -   Security scan: True
2025-03-06 00:15:36 - ai_review - INFO -   Dependency scan: True
2025-03-06 00:15:36 - ai_review - INFO -   Generate report: True
2025-03-06 00:15:36 - ai_review - INFO -   Report format: json
2025-03-06 00:15:36 - ai_review - INFO -   UI validate: False
2025-03-06 00:15:36 - ai_review - INFO - Reviewing code at .
2025-03-06 00:15:36 - ai_review - INFO - Analyzing directory: .
2025-03-06 00:15:36 - ai_review - INFO - File filtering configuration:
2025-03-06 00:15:36 - ai_review - INFO -   Excluded directories: node_modules/, .git/, __pycache__/, venv/, env/, .venv/, dist/, build/, .next/, out/, coverage/, logs/
2025-03-06 00:15:36 - ai_review - INFO -   Included directories: src/, app/, backend/, frontend/, lib/, utils/, components/, services/, api/, tests/, pages/, server/, config/
2025-03-06 00:15:36 - ai_review - INFO -   Excluded file patterns: *.min.js, *.bundle.js, *.map, *.lock, package-lock.json, yarn.lock, *.pyc, *.pyo, *.pyd, *.so, *.dll, *.exe
2025-03-06 00:15:36 - ai_review - INFO - Analyzing directory: .
2025-03-06 00:15:36 - ai_review - INFO - Found standard project directories: src
2025-03-06 00:15:36 - ai_review - INFO - Analyzing file: ./next-env.d.ts
2025-03-06 00:15:36 - ai_review - INFO - Analysis complete: 0 functions, 0 classes
2025-03-06 00:15:36 - ai_review - INFO - Analyzing file: ./next.config.ts
2025-03-06 00:15:36 - ai_review - INFO - Analysis complete: 0 functions, 0 classes
2025-03-06 00:15:36 - ai_review - INFO - Analyzing file: ./src/app/layout.tsx
2025-03-06 00:15:36 - ai_review - INFO - Analysis complete: 2 functions, 0 classes
2025-03-06 00:15:36 - ai_review - INFO - Analyzing file: ./src/app/page.tsx
2025-03-06 00:15:36 - ai_review - INFO - Analysis complete: 2 functions, 0 classes
2025-03-06 00:15:36 - ai_review - INFO - Analyzing file: ./src/components/TeamList.tsx
2025-03-06 00:15:36 - ai_review - INFO - Analysis complete: 3 functions, 1 classes
2025-03-06 00:15:36 - ai_review - INFO - Analyzing file: ./src/components/GameList.tsx
2025-03-06 00:15:36 - ai_review - INFO - Analysis complete: 6 functions, 2 classes
2025-03-06 00:15:36 - ai_review - INFO - Analyzing file: ./src/store/useStore.ts
2025-03-06 00:15:36 - ai_review - INFO - Analysis complete: 2 functions, 3 classes
2025-03-06 00:15:36 - ai_review - INFO - Excluded directories: .git, .next, logs, node_modules, src
2025-03-06 00:15:36 - ai_review - INFO - Analyzed 7 files in directory: .
2025-03-06 00:15:36 - ai_review - INFO - Skipped 6 files based on configuration filters
2025-03-06 00:15:36 - ai_review - INFO - Analysis log:
<log>
    <excluded_directories>
                <directory>node_modules/</directory>
        <directory>.git/</directory>
        <directory>__pycache__/</directory>
        <directory>venv/</directory>
        <directory>env/</directory>
        <directory>.venv/</directory>
        <directory>dist/</directory>
        <directory>build/</directory>
        <directory>.next/</directory>
        <directory>out/</directory>
        <directory>coverage/</directory>
        <directory>logs/</directory>
    </excluded_directories>
    <scanned_files_count>7</scanned_files_count>
</log>
2025-03-06 00:16:03 - ai_review - INFO - Starting code review with the following settings:
2025-03-06 00:16:03 - ai_review - INFO -   Path: .
2025-03-06 00:16:03 - ai_review - INFO -   Complexity threshold: 5
2025-03-06 00:16:03 - ai_review - INFO -   AI-powered review: True
2025-03-06 00:16:03 - ai_review - INFO -   Apply fixes: True
2025-03-06 00:16:03 - ai_review - INFO -   Security scan: False
2025-03-06 00:16:03 - ai_review - INFO -   Dependency scan: False
2025-03-06 00:16:03 - ai_review - INFO -   Generate report: False
2025-03-06 00:16:03 - ai_review - INFO -   UI validate: False
2025-03-06 00:16:03 - ai_review - INFO - Reviewing code at .
2025-03-06 00:16:03 - ai_review - INFO - Analyzing directory: .
2025-03-06 00:16:03 - ai_review - INFO - File filtering configuration:
2025-03-06 00:16:03 - ai_review - INFO -   Excluded directories: node_modules/, .git/, __pycache__/, venv/, env/, .venv/, dist/, build/, .next/, out/, coverage/, logs/
2025-03-06 00:16:03 - ai_review - INFO -   Included directories: src/, app/, backend/, frontend/, lib/, utils/, components/, services/, api/, tests/, pages/, server/, config/
2025-03-06 00:16:03 - ai_review - INFO -   Excluded file patterns: *.min.js, *.bundle.js, *.map, *.lock, package-lock.json, yarn.lock, *.pyc, *.pyo, *.pyd, *.so, *.dll, *.exe
2025-03-06 00:16:03 - ai_review - INFO - Analyzing directory: .
2025-03-06 00:16:03 - ai_review - INFO - Found standard project directories: src
2025-03-06 00:16:03 - ai_review - INFO - Analyzing file: ./next-env.d.ts
2025-03-06 00:16:03 - ai_review - INFO - Analysis complete: 0 functions, 0 classes
2025-03-06 00:16:03 - ai_review - INFO - Analyzing file: ./next.config.ts
2025-03-06 00:16:03 - ai_review - INFO - Analysis complete: 0 functions, 0 classes
2025-03-06 00:16:03 - ai_review - INFO - Analyzing file: ./src/app/layout.tsx
2025-03-06 00:16:03 - ai_review - INFO - Analysis complete: 2 functions, 0 classes
2025-03-06 00:16:03 - ai_review - INFO - Analyzing file: ./src/app/page.tsx
2025-03-06 00:16:03 - ai_review - INFO - Analysis complete: 2 functions, 0 classes
2025-03-06 00:16:03 - ai_review - INFO - Analyzing file: ./src/components/TeamList.tsx
2025-03-06 00:16:03 - ai_review - INFO - Analysis complete: 3 functions, 1 classes
2025-03-06 00:16:03 - ai_review - INFO - Analyzing file: ./src/components/GameList.tsx
2025-03-06 00:16:03 - ai_review - INFO - Analysis complete: 6 functions, 2 classes
2025-03-06 00:16:03 - ai_review - INFO - Analyzing file: ./src/store/useStore.ts
2025-03-06 00:16:03 - ai_review - INFO - Analysis complete: 2 functions, 3 classes
2025-03-06 00:16:03 - ai_review - INFO - Excluded directories: .git, .next, logs, node_modules, src
2025-03-06 00:16:03 - ai_review - INFO - Analyzed 7 files in directory: .
2025-03-06 00:16:03 - ai_review - INFO - Skipped 6 files based on configuration filters
2025-03-06 00:16:03 - ai_review - INFO - Analysis log:
<log>
    <excluded_directories>
                <directory>node_modules/</directory>
        <directory>.git/</directory>
        <directory>__pycache__/</directory>
        <directory>venv/</directory>
        <directory>env/</directory>
        <directory>.venv/</directory>
        <directory>dist/</directory>
        <directory>build/</directory>
        <directory>.next/</directory>
        <directory>out/</directory>
        <directory>coverage/</directory>
        <directory>logs/</directory>
    </excluded_directories>
    <scanned_files_count>7</scanned_files_count>
</log>
